<?xml version="1.0" encoding="UTF-8"?>
<coverage generated="1719001971160" clover="3.2.0">
  <project timestamp="1719001971160" name="All files">
    <metrics statements="30" coveredstatements="30" conditionals="2" coveredconditionals="1" methods="5" coveredmethods="5" elements="37" coveredelements="36" complexity="0" loc="30" ncloc="30" packages="1" files="2" classes="2"/>
    <file name="populate.js" path="/Users/alexanderdziarnowski/Desktop/cuboulder/assignments/software-architecture-project/data-collection/src/populate.js">
      <metrics statements="28" coveredstatements="28" conditionals="2" coveredconditionals="1" methods="5" coveredmethods="5"/>
      <line num="1" count="1" type="stmt"/>
      <line num="2" count="1" type="stmt"/>
      <line num="4" count="1" type="stmt"/>
      <line num="6" count="1" type="stmt"/>
      <line num="7" count="1" type="stmt"/>
      <line num="13" count="1" type="stmt"/>
      <line num="14" count="1" type="stmt"/>
      <line num="15" count="1" type="stmt"/>
      <line num="16" count="1" type="stmt"/>
      <line num="17" count="1" type="stmt"/>
      <line num="18" count="1" type="stmt"/>
      <line num="19" count="1" type="stmt"/>
      <line num="22" count="1" type="stmt"/>
      <line num="23" count="2" type="stmt"/>
      <line num="26" count="1" type="stmt"/>
      <line num="27" count="2" type="stmt"/>
      <line num="34" count="2" type="stmt"/>
      <line num="37" count="1" type="stmt"/>
      <line num="38" count="2" type="stmt"/>
      <line num="39" count="4" type="stmt"/>
      <line num="40" count="4" type="stmt"/>
      <line num="42" count="4" type="stmt"/>
      <line num="43" count="4" type="stmt"/>
      <line num="58" count="4" type="stmt"/>
      <line num="68" count="1" type="stmt"/>
      <line num="69" count="2" type="stmt"/>
      <line num="70" count="2" type="stmt"/>
      <line num="74" count="1" type="stmt"/>
    </file>
    <file name="stockList.js" path="/Users/alexanderdziarnowski/Desktop/cuboulder/assignments/software-architecture-project/data-collection/src/stockList.js">
      <metrics statements="2" coveredstatements="2" conditionals="0" coveredconditionals="0" methods="0" coveredmethods="0"/>
      <line num="1" count="1" type="stmt"/>
      <line num="8" count="1" type="stmt"/>
    </file>
  </project>
</coverage>
