{"/Users/alexanderdziarnowski/Desktop/cuboulder/assignments/software-architecture-project/data-collection/src/populate.js": {"path":"/Users/alexanderdziarnowski/Desktop/cuboulder/assignments/software-architecture-project/data-collection/src/populate.js","statementMap":{"0":{"start":{"line":1,"column":17},"end":{"line":1,"column":30}},"1":{"start":{"line":2,"column":22},"end":{"line":2,"column":44}},"2":{"start":{"line":4,"column":16},"end":{"line":4,"column":34}},"3":{"start":{"line":6,"column":14},"end":{"line":20,"column":1}},"4":{"start":{"line":7,"column":17},"end":{"line":12,"column":6}},"5":{"start":{"line":13,"column":19},"end":{"line":13,"column":39}},"6":{"start":{"line":14,"column":4},"end":{"line":14,"column":27}},"7":{"start":{"line":15,"column":4},"end":{"line":15,"column":30}},"8":{"start":{"line":16,"column":4},"end":{"line":16,"column":40}},"9":{"start":{"line":17,"column":4},"end":{"line":17,"column":26}},"10":{"start":{"line":18,"column":4},"end":{"line":18,"column":22}},"11":{"start":{"line":19,"column":4},"end":{"line":19,"column":47}},"12":{"start":{"line":22,"column":18},"end":{"line":24,"column":1}},"13":{"start":{"line":23,"column":4},"end":{"line":23,"column":53}},"14":{"start":{"line":26,"column":20},"end":{"line":35,"column":1}},"15":{"start":{"line":27,"column":4},"end":{"line":33,"column":7}},"16":{"start":{"line":34,"column":4},"end":{"line":34,"column":35}},"17":{"start":{"line":37,"column":19},"end":{"line":64,"column":1}},"18":{"start":{"line":38,"column":4},"end":{"line":63,"column":5}},"19":{"start":{"line":39,"column":19},"end":{"line":39,"column":21}},"20":{"start":{"line":40,"column":8},"end":{"line":40,"column":27}},"21":{"start":{"line":42,"column":8},"end":{"line":42,"column":25}},"22":{"start":{"line":43,"column":8},"end":{"line":43,"column":25}},"23":{"start":{"line":58,"column":8},"end":{"line":61,"column":9}},"24":{"start":{"line":68,"column":16},"end":{"line":71,"column":1}},"25":{"start":{"line":69,"column":14},"end":{"line":69,"column":57}},"26":{"start":{"line":70,"column":4},"end":{"line":70,"column":23}},"27":{"start":{"line":74,"column":0},"end":{"line":74,"column":72}}},"fnMap":{"0":{"name":"(anonymous_0)","decl":{"start":{"line":6,"column":14},"end":{"line":6,"column":15}},"loc":{"start":{"line":6,"column":25},"end":{"line":20,"column":1}},"line":6},"1":{"name":"(anonymous_1)","decl":{"start":{"line":22,"column":18},"end":{"line":22,"column":19}},"loc":{"start":{"line":22,"column":36},"end":{"line":24,"column":1}},"line":22},"2":{"name":"(anonymous_2)","decl":{"start":{"line":26,"column":20},"end":{"line":26,"column":21}},"loc":{"start":{"line":26,"column":38},"end":{"line":35,"column":1}},"line":26},"3":{"name":"(anonymous_3)","decl":{"start":{"line":37,"column":19},"end":{"line":37,"column":20}},"loc":{"start":{"line":37,"column":48},"end":{"line":64,"column":1}},"line":37},"4":{"name":"(anonymous_4)","decl":{"start":{"line":68,"column":16},"end":{"line":68,"column":17}},"loc":{"start":{"line":68,"column":34},"end":{"line":71,"column":1}},"line":68}},"branchMap":{"0":{"loc":{"start":{"line":8,"column":14},"end":{"line":8,"column":65}},"type":"cond-expr","locations":[{"start":{"line":8,"column":34},"end":{"line":8,"column":53}},{"start":{"line":8,"column":54},"end":{"line":8,"column":65}}],"line":8}},"s":{"0":1,"1":1,"2":1,"3":1,"4":1,"5":1,"6":1,"7":1,"8":1,"9":1,"10":1,"11":1,"12":1,"13":2,"14":1,"15":2,"16":2,"17":1,"18":2,"19":4,"20":4,"21":4,"22":4,"23":4,"24":1,"25":2,"26":2,"27":1},"f":{"0":1,"1":2,"2":2,"3":2,"4":2},"b":{"0":[0,1]},"_coverageSchema":"1a1c01bbd47fc00a2c39e90264f33305004495a9","hash":"bb1354a56ea6e87e011d3adab59e9b1808d25d7e"}
,"/Users/alexanderdziarnowski/Desktop/cuboulder/assignments/software-architecture-project/data-collection/src/stockList.js": {"path":"/Users/alexanderdziarnowski/Desktop/cuboulder/assignments/software-architecture-project/data-collection/src/stockList.js","statementMap":{"0":{"start":{"line":1,"column":18},"end":{"line":6,"column":1}},"1":{"start":{"line":8,"column":0},"end":{"line":8,"column":29}}},"fnMap":{},"branchMap":{},"s":{"0":1,"1":1},"f":{},"b":{},"_coverageSchema":"1a1c01bbd47fc00a2c39e90264f33305004495a9","hash":"70b4b7e4924c840cb6ea6531f2f52a988cc4b1e1"}
}
