{"/Users/alexanderdziarnowski/Desktop/cuboulder/assignments/software-architecture-project/api/src/app.js": {"path":"/Users/alexanderdziarnowski/Desktop/cuboulder/assignments/software-architecture-project/api/src/app.js","statementMap":{"0":{"start":{"line":1,"column":16},"end":{"line":1,"column":34}},"1":{"start":{"line":2,"column":17},"end":{"line":2,"column":30}},"2":{"start":{"line":4,"column":12},"end":{"line":4,"column":21}},"3":{"start":{"line":7,"column":13},"end":{"line":12,"column":2}},"4":{"start":{"line":13,"column":15},"end":{"line":13,"column":29}},"5":{"start":{"line":15,"column":0},"end":{"line":17,"column":2}},"6":{"start":{"line":16,"column":2},"end":{"line":16,"column":26}},"7":{"start":{"line":19,"column":0},"end":{"line":27,"column":2}},"8":{"start":{"line":20,"column":2},"end":{"line":26,"column":3}},"9":{"start":{"line":21,"column":19},"end":{"line":21,"column":50}},"10":{"start":{"line":22,"column":14},"end":{"line":22,"column":82}},"11":{"start":{"line":23,"column":4},"end":{"line":23,"column":24}},"12":{"start":{"line":25,"column":4},"end":{"line":25,"column":39}},"13":{"start":{"line":29,"column":0},"end":{"line":37,"column":2}},"14":{"start":{"line":30,"column":2},"end":{"line":36,"column":3}},"15":{"start":{"line":31,"column":19},"end":{"line":31,"column":50}},"16":{"start":{"line":32,"column":14},"end":{"line":32,"column":85}},"17":{"start":{"line":33,"column":4},"end":{"line":33,"column":24}},"18":{"start":{"line":35,"column":4},"end":{"line":35,"column":39}},"19":{"start":{"line":39,"column":0},"end":{"line":47,"column":2}},"20":{"start":{"line":40,"column":2},"end":{"line":46,"column":3}},"21":{"start":{"line":41,"column":19},"end":{"line":41,"column":50}},"22":{"start":{"line":42,"column":14},"end":{"line":42,"column":84}},"23":{"start":{"line":43,"column":4},"end":{"line":43,"column":24}},"24":{"start":{"line":45,"column":4},"end":{"line":45,"column":39}},"25":{"start":{"line":49,"column":0},"end":{"line":64,"column":2}},"26":{"start":{"line":50,"column":2},"end":{"line":63,"column":3}},"27":{"start":{"line":51,"column":19},"end":{"line":51,"column":50}},"28":{"start":{"line":52,"column":14},"end":{"line":52,"column":84}},"29":{"start":{"line":53,"column":21},"end":{"line":53,"column":27}},"30":{"start":{"line":54,"column":16},"end":{"line":54,"column":29}},"31":{"start":{"line":55,"column":4},"end":{"line":56,"column":40}},"32":{"start":{"line":55,"column":18},"end":{"line":55,"column":34}},"33":{"start":{"line":56,"column":9},"end":{"line":56,"column":40}},"34":{"start":{"line":56,"column":23},"end":{"line":56,"column":40}},"35":{"start":{"line":57,"column":4},"end":{"line":60,"column":7}},"36":{"start":{"line":62,"column":4},"end":{"line":62,"column":39}},"37":{"start":{"line":66,"column":0},"end":{"line":66,"column":25}}},"fnMap":{"0":{"name":"(anonymous_0)","decl":{"start":{"line":15,"column":13},"end":{"line":15,"column":14}},"loc":{"start":{"line":15,"column":27},"end":{"line":17,"column":1}},"line":15},"1":{"name":"(anonymous_1)","decl":{"start":{"line":19,"column":32},"end":{"line":19,"column":33}},"loc":{"start":{"line":19,"column":52},"end":{"line":27,"column":1}},"line":19},"2":{"name":"(anonymous_2)","decl":{"start":{"line":29,"column":33},"end":{"line":29,"column":34}},"loc":{"start":{"line":29,"column":53},"end":{"line":37,"column":1}},"line":29},"3":{"name":"(anonymous_3)","decl":{"start":{"line":39,"column":32},"end":{"line":39,"column":33}},"loc":{"start":{"line":39,"column":52},"end":{"line":47,"column":1}},"line":39},"4":{"name":"(anonymous_4)","decl":{"start":{"line":49,"column":37},"end":{"line":49,"column":38}},"loc":{"start":{"line":49,"column":57},"end":{"line":64,"column":1}},"line":49}},"branchMap":{"0":{"loc":{"start":{"line":8,"column":10},"end":{"line":8,"column":61}},"type":"cond-expr","locations":[{"start":{"line":8,"column":30},"end":{"line":8,"column":49}},{"start":{"line":8,"column":50},"end":{"line":8,"column":61}}],"line":8},"1":{"loc":{"start":{"line":55,"column":4},"end":{"line":56,"column":40}},"type":"if","locations":[{"start":{"line":55,"column":4},"end":{"line":56,"column":40}},{"start":{"line":56,"column":9},"end":{"line":56,"column":40}}],"line":55},"2":{"loc":{"start":{"line":56,"column":9},"end":{"line":56,"column":40}},"type":"if","locations":[{"start":{"line":56,"column":9},"end":{"line":56,"column":40}},{"start":{},"end":{}}],"line":56}},"s":{"0":1,"1":1,"2":1,"3":1,"4":1,"5":1,"6":1,"7":1,"8":2,"9":2,"10":2,"11":1,"12":1,"13":1,"14":2,"15":2,"16":2,"17":1,"18":1,"19":1,"20":2,"21":2,"22":2,"23":1,"24":1,"25":1,"26":2,"27":2,"28":2,"29":1,"30":1,"31":1,"32":0,"33":1,"34":0,"35":1,"36":1,"37":1},"f":{"0":1,"1":2,"2":2,"3":2,"4":2},"b":{"0":[0,1],"1":[0,1],"2":[0,1]},"_coverageSchema":"1a1c01bbd47fc00a2c39e90264f33305004495a9","hash":"5cfda67040a0d27d8b3707c2b105876d2fbe8b17"}
}
