TN:
SF:src/app.js
FN:15,(anonymous_0)
FN:19,(anonymous_1)
FN:29,(anonymous_2)
FN:39,(anonymous_3)
FN:49,(anonymous_4)
FNF:5
FNH:5
FNDA:1,(anonymous_0)
FNDA:2,(anonymous_1)
FNDA:2,(anonymous_2)
FNDA:2,(anonymous_3)
FNDA:2,(anonymous_4)
DA:1,1
DA:2,1
DA:4,1
DA:7,1
DA:13,1
DA:15,1
DA:16,1
DA:19,1
DA:20,2
DA:21,2
DA:22,2
DA:23,1
DA:25,1
DA:29,1
DA:30,2
DA:31,2
DA:32,2
DA:33,1
DA:35,1
DA:39,1
DA:40,2
DA:41,2
DA:42,2
DA:43,1
DA:45,1
DA:49,1
DA:50,2
DA:51,2
DA:52,2
DA:53,1
DA:54,1
DA:55,1
DA:56,1
DA:57,1
DA:62,1
DA:66,1
LF:36
LH:36
BRDA:8,0,0,0
BRDA:8,0,1,1
BRDA:55,1,0,0
BRDA:55,1,1,1
BRDA:56,2,0,0
BRDA:56,2,1,1
BRF:6
BRH:3
end_of_record
